<?xml version="1.0" encoding="UTF-8"?>
<!-- Generated by org.testng.reporters.JUnitReportReporter -->
<testsuite skipped="0" hostname="Siva-Praveen" name="com.testNG.co.A" tests="3" failures="0" timestamp="16 Jun 2022 09:37:50 GMT" time="0.049" errors="0">
  <testcase name="Tc2" time="0.010" classname="com.testNG.co.A"/>
  <testcase name="Tc1" time="0.032" classname="com.testNG.co.A"/>
  <testcase name="Tc3" time="0.007" classname="com.testNG.co.A"/>
</testsuite> <!-- com.testNG.co.A -->
