<?xml version="1.0" encoding="UTF-8"?>
<!-- Generated by org.testng.reporters.JUnitReportReporter -->
<testsuite skipped="0" hostname="Siva-Praveen" name="com.testNG.co.E" tests="3" failures="0" timestamp="20 Jun 2022 17:27:02 GMT" time="0.322" errors="0">
  <testcase name="Tc13" time="0.015" classname="com.testNG.co.E"/>
  <testcase name="Tc12" time="0.179" classname="com.testNG.co.E"/>
  <testcase name="Tc11" time="0.128" classname="com.testNG.co.E"/>
</testsuite> <!-- com.testNG.co.E -->
