<?xml version="1.0" encoding="UTF-8"?>
<!-- Generated by org.testng.reporters.JUnitReportReporter -->
<testsuite skipped="0" hostname="Siva-Praveen" name="com.testNG.co.F" tests="3" failures="0" timestamp="20 Jun 2022 17:27:02 GMT" time="0.153" errors="0">
  <testcase name="Tc23" time="0.038" classname="com.testNG.co.F"/>
  <testcase name="Tc22" time="0.026" classname="com.testNG.co.F"/>
  <testcase name="Tc21" time="0.089" classname="com.testNG.co.F"/>
</testsuite> <!-- com.testNG.co.F -->
