<?xml version="1.0" encoding="UTF-8"?>
<!-- Generated by org.testng.reporters.JUnitReportReporter -->
<testsuite skipped="0" hostname="Siva-Praveen" name="com.task.co.Irctc" tests="1" failures="0" timestamp="22 Jun 2022 16:54:48 GMT" time="59.688" errors="0">
  <testcase name="Tc1" time="59.688" classname="com.task.co.Irctc"/>
</testsuite> <!-- com.task.co.Irctc -->
