<?xml version="1.0" encoding="UTF-8"?>
<!-- Generated by org.testng.reporters.JUnitReportReporter -->
<testsuite skipped="0" hostname="Siva-Praveen" name="com.testNG.co.Data_ProviderTNG" tests="4" failures="0" timestamp="17 Jun 2022 13:00:26 GMT" time="27.172" errors="0">
  <testcase name="Tc1" time="8.933" classname="com.testNG.co.Data_ProviderTNG"/>
  <testcase name="Tc1" time="2.640" classname="com.testNG.co.Data_ProviderTNG"/>
  <testcase name="Tc1" time="6.363" classname="com.testNG.co.Data_ProviderTNG"/>
  <testcase name="Tc1" time="9.236" classname="com.testNG.co.Data_ProviderTNG"/>
</testsuite> <!-- com.testNG.co.Data_ProviderTNG -->
