<?xml version="1.0" encoding="UTF-8"?>
<!-- Generated by org.testng.reporters.JUnitReportReporter -->
<testsuite skipped="0" hostname="Siva-Praveen" name="com.testNG.co.Sample" tests="2" failures="0" timestamp="21 Jun 2022 13:59:06 GMT" time="43.458" errors="0">
  <testcase name="Tc1" time="31.941" classname="com.testNG.co.Sample"/>
  <testcase name="Tc1" time="11.517" classname="com.testNG.co.Sample"/>
</testsuite> <!-- com.testNG.co.Sample -->
