<?xml version="1.0" encoding="UTF-8"?>
<!-- Generated by org.testng.reporters.JUnitReportReporter -->
<testsuite skipped="0" hostname="Siva-Praveen" name="com.testNG.co.C" tests="3" failures="0" timestamp="16 Jun 2022 09:37:50 GMT" time="0.017" errors="0">
  <testcase name="Tc21" time="0.007" classname="com.testNG.co.C"/>
  <testcase name="Tc23" time="0.004" classname="com.testNG.co.C"/>
  <testcase name="Tc22" time="0.006" classname="com.testNG.co.C"/>
</testsuite> <!-- com.testNG.co.C -->
