<?xml version="1.0" encoding="UTF-8"?>
<!-- Generated by org.testng.reporters.JUnitReportReporter -->
<testsuite skipped="1" hostname="Siva-Praveen" name="com.testNG.co.testNextGeneration" tests="9" failures="0" timestamp="16 Jun 2022 09:28:49 GMT" time="0.154" errors="0">
  <testcase name="Tc1" time="0.040" classname="com.testNG.co.testNextGeneration"/>
  <testcase name="Tc4" time="0.022" classname="com.testNG.co.testNextGeneration"/>
  <testcase name="Tc4" time="0.006" classname="com.testNG.co.testNextGeneration"/>
  <testcase name="Tc4" time="0.036" classname="com.testNG.co.testNextGeneration"/>
  <testcase name="Tc4" time="0.025" classname="com.testNG.co.testNextGeneration"/>
  <testcase name="Tc4" time="0.011" classname="com.testNG.co.testNextGeneration"/>
  <testcase name="Tc2" time="0.007" classname="com.testNG.co.testNextGeneration"/>
  <testcase name="Tc5" time="0.007" classname="com.testNG.co.testNextGeneration"/>
  <testcase name="Tc3" classname="com.testNG.co.testNextGeneration">
    <skipped/>
  </testcase> <!-- Tc3 -->
</testsuite> <!-- com.testNG.co.testNextGeneration -->
