<?xml version="1.0" encoding="UTF-8"?>
<!-- Generated by org.testng.reporters.JUnitReportReporter -->
<testsuite skipped="0" hostname="Siva-Praveen" name="com.task.co.Iphone_Count" tests="1" failures="0" timestamp="21 Jun 2022 14:36:47 GMT" time="30.435" errors="0">
  <testcase name="iphone" time="30.435" classname="com.task.co.Iphone_Count"/>
</testsuite> <!-- com.task.co.Iphone_Count -->
