<?xml version="1.0" encoding="UTF-8"?>
<!-- Generated by org.testng.reporters.JUnitReportReporter -->
<testsuite skipped="0" hostname="Siva-Praveen" name="com.testNG.co.B" tests="3" failures="0" timestamp="16 Jun 2022 09:37:50 GMT" time="0.060" errors="0">
  <testcase name="Tc11" time="0.013" classname="com.testNG.co.B"/>
  <testcase name="Tc12" time="0.028" classname="com.testNG.co.B"/>
  <testcase name="Tc13" time="0.019" classname="com.testNG.co.B"/>
</testsuite> <!-- com.testNG.co.B -->
